{"/Users/leo/Documents/personal/vue3/my-vite-vue-app/src/components/HelloWorld.vue": {"path":"/Users/leo/Documents/personal/vue3/my-vite-vue-app/src/components/HelloWorld.vue","statementMap":{"0":{"start":{"line":16,"column":0},"end":{"line":16,"column":null}},"1":{"start":{"line":18,"column":0},"end":{"line":18,"column":15}},"2":{"start":{"line":23,"column":18},"end":{"line":23,"column":27}},"3":{"start":{"line":24,"column":4},"end":{"line":24,"column":11}}},"fnMap":{"0":{"name":"(anonymous_0)","decl":{"start":{"line":22,"column":7},"end":{"line":22,"column":null}},"loc":{"start":{"line":22,"column":7},"end":{"line":25,"column":null}}}},"branchMap":{},"s":{"0":1,"1":1,"2":1,"3":1},"f":{"0":1},"b":{}}
,"/Users/leo/Documents/personal/vue3/my-vite-vue-app/src/components/TodoApp.vue": {"path":"/Users/leo/Documents/personal/vue3/my-vite-vue-app/src/components/TodoApp.vue","statementMap":{"0":{"start":{"line":9,"column":0},"end":{"line":9,"column":null}},"1":{"start":{"line":11,"column":0},"end":{"line":11,"column":15}},"2":{"start":{"line":15,"column":4},"end":{"line":15,"column":11}}},"fnMap":{"0":{"name":"(anonymous_0)","decl":{"start":{"line":14,"column":6},"end":{"line":14,"column":null}},"loc":{"start":{"line":14,"column":6},"end":{"line":24,"column":null}}}},"branchMap":{},"s":{"0":1,"1":1,"2":1},"f":{"0":1},"b":{}}
}
